------------------------------------07/08/2012 12:12:30 Tinh Phong--------LoginController.Index----------------------------------
Username: dsadasdsa Password: dasdsa
------------------------------------07/08/2012 2:45:03 Tinh Phong--------LoginController.Index----------------------------------
Username: tinhphong Password: 123456
------------------------------------07/08/2012 2:45:09 Tinh Phong--------LoginController.Index----------------------------------
Username: tinhphong Password: 123456
------------------------------------07/08/2012 2:52:47 Tinh Phong--------LoginController.Index----------------------------------
Username: dasdasd Password: dasdas
------------------------------------07/08/2012 2:52:54 Tinh Phong--------LoginController.Index----------------------------------
Username: adasdas Password: dsadas
------------------------------------07/08/2012 2:55:47 Tinh Phong--------LoginController.Index----------------------------------
Object reference not set to an instance of an object.
------------------------------------07/08/2012 2:55:47 Tinh Phong--------LoginController.Index----------------------------------
Username: dad Password: dasd
------------------------------------07/08/2012 2:55:52 Tinh Phong--------LoginController.Index----------------------------------
Object reference not set to an instance of an object.
------------------------------------07/08/2012 2:55:52 Tinh Phong--------LoginController.Index----------------------------------
Username: dasdasd Password: dasdas
------------------------------------08/08/2012 7:37:48 Tinh Phong--------LoginController.Index----------------------------------
Object reference not set to an instance of an object.
------------------------------------08/08/2012 7:37:48 Tinh Phong--------LoginController.Index----------------------------------
Username: minhphong1 Password: 123456
------------------------------------10/08/2012 2:33:00 Tinh Phong--------LoginController.Index----------------------------------
Object reference not set to an instance of an object.
------------------------------------10/08/2012 2:33:00 Tinh Phong--------LoginController.Index----------------------------------
Username: tinhphong3 Password: 123456
------------------------------------21/08/2012 12:16:10 Tinh Phong--------LoginController.Login----------------------------------
Object reference not set to an instance of an object.
------------------------------------21/08/2012 12:16:10 Tinh Phong--------LoginController.Login----------------------------------
Username: minhphong2 Password: 123456
------------------------------------21/08/2012 12:16:54 Tinh Phong--------LoginController.Login----------------------------------
Object reference not set to an instance of an object.
------------------------------------21/08/2012 12:16:54 Tinh Phong--------LoginController.Login----------------------------------
Username: minhphong2 Password: 123456
------------------------------------22/08/2012 3:45:20 Tinh Phong--------LoginController.Login----------------------------------
Object reference not set to an instance of an object.
------------------------------------22/08/2012 3:45:20 Tinh Phong--------LoginController.Login----------------------------------
Username: xdasx Password: sẫ
------------------------------------22/08/2012 3:45:23 Tinh Phong--------LoginController.Login----------------------------------
Object reference not set to an instance of an object.
------------------------------------22/08/2012 3:45:23 Tinh Phong--------LoginController.Login----------------------------------
Username: ĐÁ Password: ĐÁ
------------------------------------22/08/2012 3:45:25 Tinh Phong--------LoginController.Login----------------------------------
Object reference not set to an instance of an object.
------------------------------------22/08/2012 3:45:25 Tinh Phong--------LoginController.Login----------------------------------
Username: ĐÂS Password: DSAD
------------------------------------22/08/2012 4:02:56 Tinh Phong--------LoginController.Login----------------------------------
Object reference not set to an instance of an object.
------------------------------------22/08/2012 4:02:56 Tinh Phong--------LoginController.Login----------------------------------
Username:  Password: 
------------------------------------22/08/2012 4:02:57 Tinh Phong--------LoginController.Login----------------------------------
Object reference not set to an instance of an object.
------------------------------------22/08/2012 4:02:57 Tinh Phong--------LoginController.Login----------------------------------
Username:  Password: 
------------------------------------22/08/2012 4:02:58 Tinh Phong--------LoginController.Login----------------------------------
Object reference not set to an instance of an object.
------------------------------------22/08/2012 4:02:58 Tinh Phong--------LoginController.Login----------------------------------
Username:  Password: 
